2018-05-16 16:30:04,380 ERROR 3168 [-/10.23.35.134/-/376ms GET /spa/ssr] nodejs.ReferenceError: window is not defined
    at eval (webpack:///./node_modules/style-loader/lib/addStyles.js?:23:2)
    at eval (webpack:///./node_modules/style-loader/lib/addStyles.js?:12:46)
    at module.exports (webpack:///./node_modules/style-loader/lib/addStyles.js?:57:46)
    at eval (webpack:///./app/web/component/spa/ssr/components/home.scss?./node_modules/style-loader??ref--8-1!./node_modules/typings-for-css-modules-loader/lib??ref--8-2!./node_modules/postcss-loader/lib??ref--8-3!./node_modules/sass-loader/lib/loader.js??ref--8-4:12:149)
    at Object../node_modules/style-loader/index.js??ref--8-1!./node_modules/typings-for-css-modules-loader/lib/index.js??ref--8-2!./node_modules/postcss-loader/lib/index.js??ref--8-3!./node_modules/sass-loader/lib/loader.js??ref--8-4!./app/web/component/spa/ssr/components/home.scss (evalmachine.<anonymous>:1085:1)
    at __webpack_require__ (evalmachine.<anonymous>:23:30)
    at eval (webpack:///./app/web/component/spa/ssr/components/home.scss?:2:19)
    at Object../app/web/component/spa/ssr/components/home.scss (evalmachine.<anonymous>:146:1)
    at __webpack_require__ (evalmachine.<anonymous>:23:30)
    at eval (webpack:///./app/web/component/spa/ssr/components/home.js?:7:68)

pid: 3168
hostname: linyuefengdeMac-mini.local

2018-05-16 16:30:14,621 ERROR 3168 [-/10.23.35.134/-/76ms GET /spa/ssr] nodejs.ReferenceError: window is not defined
    at eval (webpack:///./node_modules/style-loader/lib/addStyles.js?:23:2)
    at eval (webpack:///./node_modules/style-loader/lib/addStyles.js?:12:46)
    at module.exports (webpack:///./node_modules/style-loader/lib/addStyles.js?:57:46)
    at eval (webpack:///./app/web/component/spa/ssr/components/home.scss?./node_modules/style-loader??ref--8-1!./node_modules/typings-for-css-modules-loader/lib??ref--8-2!./node_modules/postcss-loader/lib??ref--8-3!./node_modules/sass-loader/lib/loader.js??ref--8-4:12:149)
    at Object../node_modules/style-loader/index.js??ref--8-1!./node_modules/typings-for-css-modules-loader/lib/index.js??ref--8-2!./node_modules/postcss-loader/lib/index.js??ref--8-3!./node_modules/sass-loader/lib/loader.js??ref--8-4!./app/web/component/spa/ssr/components/home.scss (evalmachine.<anonymous>:1085:1)
    at __webpack_require__ (evalmachine.<anonymous>:23:30)
    at eval (webpack:///./app/web/component/spa/ssr/components/home.scss?:2:19)
    at Object../app/web/component/spa/ssr/components/home.scss (evalmachine.<anonymous>:146:1)
    at __webpack_require__ (evalmachine.<anonymous>:23:30)
    at eval (webpack:///./app/web/component/spa/ssr/components/home.js?:7:68)

pid: 3168
hostname: linyuefengdeMac-mini.local

2018-05-16 17:48:19,176 ERROR 4172 [-/10.23.35.134/-/93ms GET /spa/ssr] nodejs.Error: Module parse failed: Unexpected token (20:6)
You may need an appropriate loader to handle this file type.
|   const render = (App) => {
|     ReactDOM.render(
|       <AppContainer>
|         <Provider store={store}>
|           <BrowserRouter>
You may need an appropriate loader to handle this file type.
|   const render = (App) => {
|     ReactDOM.render(
|       <AppContainer>
|         <Provider store={store}>
|           <BrowserRouter>
    at eval (webpack:///./app/web/page/spa/ssr.tsx?:1:7)
    at Object../app/web/page/spa/ssr.tsx (evalmachine.<anonymous>:87:1)
    at __webpack_require__ (evalmachine.<anonymous>:23:30)
    at evalmachine.<anonymous>:75:18
    at evalmachine.<anonymous>:78:10
    at /Users/linyuefeng/Desktop/easyreact/egg-react-typescript-boilerplate/node_modules/egg-webpack-react/app.js:23:37
    at Generator.next (<anonymous>)
    at onFulfilled (/Users/linyuefeng/Desktop/easyreact/egg-react-typescript-boilerplate/node_modules/co/index.js:65:19)
    at <anonymous>
    at process._tickCallback (internal/process/next_tick.js:188:7)

pid: 4172
hostname: linyuefengdeMac-mini.local

2018-05-16 17:50:54,506 ERROR 4216 [-/10.23.35.134/-/14ms GET /spa/ssr] nodejs.Error: Module parse failed: Unexpected token (20:6)
You may need an appropriate loader to handle this file type.
|   const render = (App) => {
|     ReactDOM.render(
|       <AppContainer>
|         <Provider store={store}>
|           <BrowserRouter>
You may need an appropriate loader to handle this file type.
|   const render = (App) => {
|     ReactDOM.render(
|       <AppContainer>
|         <Provider store={store}>
|           <BrowserRouter>
    at eval (webpack:///./app/web/page/spa/ssr.tsx?:1:7)
    at Object../app/web/page/spa/ssr.tsx (evalmachine.<anonymous>:87:1)
    at __webpack_require__ (evalmachine.<anonymous>:23:30)
    at evalmachine.<anonymous>:75:18
    at evalmachine.<anonymous>:78:10
    at /Users/linyuefeng/Desktop/easyreact/egg-react-typescript-boilerplate/node_modules/egg-webpack-react/app.js:23:37
    at Generator.next (<anonymous>)
    at onFulfilled (/Users/linyuefeng/Desktop/easyreact/egg-react-typescript-boilerplate/node_modules/co/index.js:65:19)
    at <anonymous>
    at process._tickCallback (internal/process/next_tick.js:188:7)

pid: 4216
hostname: linyuefengdeMac-mini.local

2018-05-16 17:51:50,527 ERROR 4216 [-/10.23.35.134/-/3ms GET /spa/ssr] nodejs.Error: Module parse failed: Unexpected token (20:6)
You may need an appropriate loader to handle this file type.
|   const render = (App) => {
|     ReactDOM.render(
|       <AppContainer>
|         <Provider store={store}>
|           <BrowserRouter>
You may need an appropriate loader to handle this file type.
|   const render = (App) => {
|     ReactDOM.render(
|       <AppContainer>
|         <Provider store={store}>
|           <BrowserRouter>
    at eval (webpack:///./app/web/page/spa/ssr.tsx?:1:7)
    at Object../app/web/page/spa/ssr.tsx (evalmachine.<anonymous>:87:1)
    at __webpack_require__ (evalmachine.<anonymous>:23:30)
    at evalmachine.<anonymous>:75:18
    at evalmachine.<anonymous>:78:10
    at /Users/linyuefeng/Desktop/easyreact/egg-react-typescript-boilerplate/node_modules/egg-webpack-react/app.js:23:37
    at Generator.next (<anonymous>)
    at onFulfilled (/Users/linyuefeng/Desktop/easyreact/egg-react-typescript-boilerplate/node_modules/co/index.js:65:19)
    at <anonymous>
    at process._tickCallback (internal/process/next_tick.js:188:7)

pid: 4216
hostname: linyuefengdeMac-mini.local

2018-05-16 18:45:04,778 ERROR 5323 [-/10.23.35.134/-/693ms GET /spa/ssr] nodejs.Error: Module build failed: SyntaxError: Unterminated regular expression (25:19)

[0m [90m 23 | [39m        [33mSide[39m[33m;[39m
 [90m 24 | [39m        [33mRender[39m[33m;[39m
[31m[1m>[22m[39m[90m 25 | [39m        [33mExample[39m [33m<[39m [33m/[39mh3[33m>[39m[33m;[39m
 [90m    | [39m                   [31m[1m^[22m[39m
 [90m 26 | [39m    }[33m;[39m
 [90m 27 | [39m    [36mreturn[39m [33mAbout[39m[33m;[39m
 [90m 28 | [39m}([33mComponent[39m))[33m;[39m[0m


[0m [90m 23 | [39m        [33mSide[39m[33m;[39m
 [90m 24 | [39m        [33mRender[39m[33m;[39m
[31m[1m>[22m[39m[90m 25 | [39m        [33mExample[39m [33m<[39m [33m/[39mh3[33m>[39m[33m;[39m
 [90m    | [39m                   [31m[1m^[22m[39m
 [90m 26 | [39m    }[33m;[39m
 [90m 27 | [39m    [36mreturn[39m [33mAbout[39m[33m;[39m
 [90m 28 | [39m}([33mComponent[39m))[33m;[39m[0m

    at eval (webpack:///./app/web/component/spa/ssr/components/about.js?:1:7)
    at Object../app/web/component/spa/ssr/components/about.js (evalmachine.<anonymous>:110:1)
    at __webpack_require__ (evalmachine.<anonymous>:23:30)
    at eval (webpack:///./app/web/component/spa/ssr/ssr.js?:11:92)
    at Object../app/web/component/spa/ssr/ssr.js (evalmachine.<anonymous>:181:1)
    at __webpack_require__ (evalmachine.<anonymous>:23:30)
    at eval (webpack:///./app/web/page/spa/ssr.tsx?:17:79)
    at Object../app/web/page/spa/ssr.tsx (evalmachine.<anonymous>:228:1)
    at __webpack_require__ (evalmachine.<anonymous>:23:30)
    at evalmachine.<anonymous>:75:18

pid: 5323
hostname: linyuefengdeMac-mini.local

2018-05-16 18:47:17,090 ERROR 5323 [-/10.23.35.134/-/69ms GET /spa/ssr] nodejs.Error: Module build failed: SyntaxError: Unterminated regular expression (25:19)

[0m [90m 23 | [39m        [33mSide[39m[33m;[39m
 [90m 24 | [39m        [33mRender[39m[33m;[39m
[31m[1m>[22m[39m[90m 25 | [39m        [33mExample[39m [33m<[39m [33m/[39mh3[33m>[39m[33m;[39m
 [90m    | [39m                   [31m[1m^[22m[39m
 [90m 26 | [39m    }[33m;[39m
 [90m 27 | [39m    [36mreturn[39m [33mAbout[39m[33m;[39m
 [90m 28 | [39m}([33mComponent[39m))[33m;[39m[0m


[0m [90m 23 | [39m        [33mSide[39m[33m;[39m
 [90m 24 | [39m        [33mRender[39m[33m;[39m
[31m[1m>[22m[39m[90m 25 | [39m        [33mExample[39m [33m<[39m [33m/[39mh3[33m>[39m[33m;[39m
 [90m    | [39m                   [31m[1m^[22m[39m
 [90m 26 | [39m    }[33m;[39m
 [90m 27 | [39m    [36mreturn[39m [33mAbout[39m[33m;[39m
 [90m 28 | [39m}([33mComponent[39m))[33m;[39m[0m

    at eval (webpack:///./app/web/component/spa/ssr/components/about.js?:1:7)
    at Object../app/web/component/spa/ssr/components/about.js (evalmachine.<anonymous>:110:1)
    at __webpack_require__ (evalmachine.<anonymous>:23:30)
    at eval (webpack:///./app/web/component/spa/ssr/ssr.js?:11:92)
    at Object../app/web/component/spa/ssr/ssr.js (evalmachine.<anonymous>:181:1)
    at __webpack_require__ (evalmachine.<anonymous>:23:30)
    at eval (webpack:///./app/web/page/spa/ssr.tsx?:17:79)
    at Object../app/web/page/spa/ssr.tsx (evalmachine.<anonymous>:228:1)
    at __webpack_require__ (evalmachine.<anonymous>:23:30)
    at evalmachine.<anonymous>:75:18

pid: 5323
hostname: linyuefengdeMac-mini.local

2018-05-16 18:48:01,811 ERROR 5369 [-/10.23.35.134/-/884ms GET /spa/ssr] nodejs.Error: Module build failed: SyntaxError: Unterminated regular expression (25:19)

[0m [90m 23 | [39m        [33mSide[39m[33m;[39m
 [90m 24 | [39m        [33mRender[39m[33m;[39m
[31m[1m>[22m[39m[90m 25 | [39m        [33mExample[39m [33m<[39m [33m/[39mh3[33m>[39m[33m;[39m
 [90m    | [39m                   [31m[1m^[22m[39m
 [90m 26 | [39m    }[33m;[39m
 [90m 27 | [39m    [36mreturn[39m [33mAbout[39m[33m;[39m
 [90m 28 | [39m}([33mComponent[39m))[33m;[39m[0m


[0m [90m 23 | [39m        [33mSide[39m[33m;[39m
 [90m 24 | [39m        [33mRender[39m[33m;[39m
[31m[1m>[22m[39m[90m 25 | [39m        [33mExample[39m [33m<[39m [33m/[39mh3[33m>[39m[33m;[39m
 [90m    | [39m                   [31m[1m^[22m[39m
 [90m 26 | [39m    }[33m;[39m
 [90m 27 | [39m    [36mreturn[39m [33mAbout[39m[33m;[39m
 [90m 28 | [39m}([33mComponent[39m))[33m;[39m[0m

    at eval (webpack:///./app/web/component/spa/ssr/components/about.js?:1:7)
    at Object../app/web/component/spa/ssr/components/about.js (evalmachine.<anonymous>:110:1)
    at __webpack_require__ (evalmachine.<anonymous>:23:30)
    at eval (webpack:///./app/web/component/spa/ssr/ssr.js?:11:92)
    at Object../app/web/component/spa/ssr/ssr.js (evalmachine.<anonymous>:181:1)
    at __webpack_require__ (evalmachine.<anonymous>:23:30)
    at eval (webpack:///./app/web/page/spa/ssr.tsx?:17:79)
    at Object../app/web/page/spa/ssr.tsx (evalmachine.<anonymous>:228:1)
    at __webpack_require__ (evalmachine.<anonymous>:23:30)
    at evalmachine.<anonymous>:75:18

pid: 5369
hostname: linyuefengdeMac-mini.local

2018-05-16 18:49:32,051 ERROR 5399 [-/10.23.35.134/-/60ms GET /spa/ssr] nodejs.Error: Module build failed: Error: ENOENT: no such file or directory, open '/Users/linyuefeng/Desktop/easyreact/egg-react-typescript-boilerplate/app/web/component/spa/ssr/components/about.jsx'
    at eval (webpack:///./app/web/component/spa/ssr/components/about.jsx?:1:7)
    at Object../app/web/component/spa/ssr/components/about.jsx (evalmachine.<anonymous>:110:1)
    at __webpack_require__ (evalmachine.<anonymous>:23:30)
    at eval (webpack:///./app/web/component/spa/ssr/ssr.js?:11:92)
    at Object../app/web/component/spa/ssr/ssr.js (evalmachine.<anonymous>:181:1)
    at __webpack_require__ (evalmachine.<anonymous>:23:30)
    at eval (webpack:///./app/web/page/spa/ssr.tsx?:17:79)
    at Object../app/web/page/spa/ssr.tsx (evalmachine.<anonymous>:228:1)
    at __webpack_require__ (evalmachine.<anonymous>:23:30)
    at evalmachine.<anonymous>:75:18

pid: 5399
hostname: linyuefengdeMac-mini.local

